
======== Exporting recipe to the cache ========
rabbitmq-c/0.14.0@magic/stable: Exporting package recipe: /home/fowzis/projects/rabbitmq-c/conanfile.py
rabbitmq-c/0.14.0@magic/stable: Copied 2 '.py' files: conanfile.py, codegen.py
rabbitmq-c/0.14.0@magic/stable: Copied 3 '.txt' files: CMakeLists.txt, CMakeLists.txt, CMakeLists.txt
rabbitmq-c/0.14.0@magic/stable: Copied 3 '.in' files: librabbitmq.pc.in, rabbitmq-c-config.cmake.in, config.h.in
rabbitmq-c/0.14.0@magic/stable: Copied 15 '.h' files
rabbitmq-c/0.14.0@magic/stable: Copied 1 '.expected' file: test_tables.expected
rabbitmq-c/0.14.0@magic/stable: Copied 19 '.c' files
rabbitmq-c/0.14.0@magic/stable: Copied 3 '.cmake' files: FindPOPT.cmake, VersionFunctions.cmake, FindXMLTO.cmake
rabbitmq-c/0.14.0@magic/stable: Copied 1 file: COPYING-CMAKE-SCRIPTS
rabbitmq-c/0.14.0@magic/stable: Exported to cache folder: /home/fowzis/.conan2/p/rabbic71f02f1cb4c9/e
rabbitmq-c/0.14.0@magic/stable: Exported: rabbitmq-c/0.14.0@magic/stable#28816a30c00c8e15f01c6c8aa225a16a (2024-09-14 16:04:47 UTC)

======== Input profiles ========
Profile host:
[settings]
arch=x86_64
build_type=Release
compiler=gcc
compiler.cppstd=gnu17
compiler.libcxx=libstdc++11
compiler.version=11
os=Linux
[conf]
tools.files.download:verify=False

Profile build:
[settings]
arch=x86_64
build_type=Release
compiler=gcc
compiler.cppstd=gnu17
compiler.libcxx=libstdc++11
compiler.version=11
os=Linux
[conf]
tools.files.download:verify=False


======== Computing dependency graph ========
Graph root
    cli
Requirements
    rabbitmq-c/0.14.0@magic/stable#28816a30c00c8e15f01c6c8aa225a16a - Cache

======== Computing necessary packages ========
rabbitmq-c/0.14.0@magic/stable: Forced build from source
Requirements
    rabbitmq-c/0.14.0@magic/stable#28816a30c00c8e15f01c6c8aa225a16a:8631cf963dbbb4d7a378a64a6fd1dc57558bc2fe - Build

======== Installing packages ========

-------- Installing package rabbitmq-c/0.14.0@magic/stable (1 of 1) --------
rabbitmq-c/0.14.0@magic/stable: Building from source
rabbitmq-c/0.14.0@magic/stable: Package rabbitmq-c/0.14.0@magic/stable:8631cf963dbbb4d7a378a64a6fd1dc57558bc2fe
rabbitmq-c/0.14.0@magic/stable: Copying sources to build folder
rabbitmq-c/0.14.0@magic/stable: Building your package in /home/fowzis/.conan2/p/b/rabbic6680ef56b933/b
rabbitmq-c/0.14.0@magic/stable: Calling generate()
rabbitmq-c/0.14.0@magic/stable: Generators folder: /home/fowzis/.conan2/p/b/rabbic6680ef56b933/b
rabbitmq-c/0.14.0@magic/stable: CMakeToolchain generated: conan_toolchain.cmake
rabbitmq-c/0.14.0@magic/stable: CMakeToolchain generated: /home/fowzis/.conan2/p/b/rabbic6680ef56b933/b/CMakePresets.json
rabbitmq-c/0.14.0@magic/stable: Generating aggregated env files
rabbitmq-c/0.14.0@magic/stable: Generated aggregated env files: ['conanbuild.sh', 'conanrun.sh']
rabbitmq-c/0.14.0@magic/stable: Calling build()
rabbitmq-c/0.14.0@magic/stable: Running CMake.configure()
rabbitmq-c/0.14.0@magic/stable: RUN: cmake -G "Unix Makefiles" -DCMAKE_TOOLCHAIN_FILE="conan_toolchain.cmake" -DCMAKE_INSTALL_PREFIX="/home/fowzis/.conan2/p/b/rabbic6680ef56b933/p" -DCMAKE_POLICY_DEFAULT_CMP0091="NEW" -DCMAKE_BUILD_TYPE="Release" -DBUILD_SHARED_LIBS="ON" "/home/fowzis/.conan2/p/b/rabbic6680ef56b933/b"
-- Using Conan toolchain: /home/fowzis/.conan2/p/b/rabbic6680ef56b933/b/conan_toolchain.cmake
-- Conan toolchain: Setting CMAKE_POSITION_INDEPENDENT_CODE=ON (options.fPIC)
-- Conan toolchain: Defining architecture flag: -m64
-- Conan toolchain: C++ Standard 17 with extensions ON
-- Conan toolchain: Setting BUILD_SHARED_LIBS = OFF
-- The C compiler identification is GNU 11.4.0
-- Detecting C compiler ABI info
-- Detecting C compiler ABI info - done
-- Check for working C compiler: /usr/bin/cc - skipped
-- Detecting C compile features
-- Detecting C compile features - done
-- Looking for getaddrinfo
-- Looking for getaddrinfo - found
-- Looking for socket
-- Looking for socket - found
-- Looking for poll
-- Looking for poll - found
-- Looking for clock_gettime in rt
-- Looking for clock_gettime in rt - found
-- Looking for posix_spawnp in rt
-- Looking for posix_spawnp in rt - found
-- Found OpenSSL: /usr/lib/x86_64-linux-gnu/libcrypto.so (found version "3.0.2")  
-- Looking for pthread.h
-- Looking for pthread.h - found
-- Performing Test CMAKE_HAVE_LIBC_PTHREAD
-- Performing Test CMAKE_HAVE_LIBC_PTHREAD - Success
-- Found Threads: TRUE  
-- Looking for ENGINE_new
-- Looking for ENGINE_new - found
-- Performing Test COMPILER_HAS_HIDDEN_VISIBILITY
-- Performing Test COMPILER_HAS_HIDDEN_VISIBILITY - Success
-- Performing Test COMPILER_HAS_HIDDEN_INLINE_VISIBILITY
-- Performing Test COMPILER_HAS_HIDDEN_INLINE_VISIBILITY - Failed
-- Performing Test COMPILER_HAS_DEPRECATED_ATTR
-- Performing Test COMPILER_HAS_DEPRECATED_ATTR - Success
-- Building rabbitmq as a shared library - yes
-- Building rabbitmq as a static library - yes
-- Configuring done
-- Generating done
-- Build files have been written to: /home/fowzis/.conan2/p/b/rabbic6680ef56b933/b

rabbitmq-c/0.14.0@magic/stable: Running CMake.build()
rabbitmq-c/0.14.0@magic/stable: RUN: cmake --build "/home/fowzis/.conan2/p/b/rabbic6680ef56b933/b" -- -j16
[ 10%] Building C object librabbitmq/CMakeFiles/rabbitmq-static.dir/amqp_connection.c.o
[ 10%] Building C object librabbitmq/CMakeFiles/rabbitmq-static.dir/amqp_api.c.o
[ 10%] Building C object librabbitmq/CMakeFiles/rabbitmq.dir/amqp_mem.c.o
[ 10%] Building C object librabbitmq/CMakeFiles/rabbitmq.dir/amqp_api.c.o
[ 13%] Building C object librabbitmq/CMakeFiles/rabbitmq.dir/amqp_framing.c.o
[ 15%] Building C object librabbitmq/CMakeFiles/rabbitmq-static.dir/amqp_mem.c.o
[ 18%] Building C object librabbitmq/CMakeFiles/rabbitmq.dir/amqp_connection.c.o
[ 23%] Building C object librabbitmq/CMakeFiles/rabbitmq-static.dir/amqp_openssl.c.o
[ 23%] Building C object librabbitmq/CMakeFiles/rabbitmq-static.dir/amqp_framing.c.o
[ 26%] Building C object librabbitmq/CMakeFiles/rabbitmq.dir/amqp_openssl.c.o
[ 28%] Building C object librabbitmq/CMakeFiles/rabbitmq-static.dir/amqp_consumer.c.o
[ 31%] Building C object librabbitmq/CMakeFiles/rabbitmq-static.dir/amqp_openssl_bio.c.o
[ 36%] Building C object librabbitmq/CMakeFiles/rabbitmq-static.dir/amqp_socket.c.o
[ 34%] Building C object librabbitmq/CMakeFiles/rabbitmq.dir/amqp_consumer.c.o
[ 39%] Building C object librabbitmq/CMakeFiles/rabbitmq.dir/amqp_openssl_bio.c.o
[ 42%] Building C object librabbitmq/CMakeFiles/rabbitmq-static.dir/amqp_table.c.o
[ 44%] Building C object librabbitmq/CMakeFiles/rabbitmq-static.dir/amqp_tcp_socket.c.o
[ 47%] Building C object librabbitmq/CMakeFiles/rabbitmq-static.dir/amqp_time.c.o
[ 50%] Building C object librabbitmq/CMakeFiles/rabbitmq-static.dir/amqp_url.c.o
[ 52%] Building C object librabbitmq/CMakeFiles/rabbitmq.dir/amqp_socket.c.o
[ 55%] Building C object librabbitmq/CMakeFiles/rabbitmq.dir/amqp_time.c.o
[ 57%] Building C object librabbitmq/CMakeFiles/rabbitmq.dir/amqp_tcp_socket.c.o
[ 60%] Building C object librabbitmq/CMakeFiles/rabbitmq.dir/amqp_table.c.o
[ 63%] Building C object librabbitmq/CMakeFiles/rabbitmq.dir/amqp_url.c.o
[ 65%] Linking C shared library librabbitmq.so
[ 68%] Linking C static library librabbitmq.a
[ 68%] Built target rabbitmq-static
[ 81%] Building C object tests/CMakeFiles/test_parse_url.dir/test_parse_url.c.o
[ 81%] Building C object tests/CMakeFiles/test_tables.dir/test_tables.c.o
[ 81%] Building C object tests/CMakeFiles/test_merge_capabilities.dir/test_merge_capabilities.c.o
[ 81%] Building C object tests/CMakeFiles/test_status_enum.dir/test_status_enum.c.o
[ 81%] Building C object tests/CMakeFiles/test_basic.dir/test_basic.c.o
[ 84%] Building C object tests/CMakeFiles/test_sasl_mechanism.dir/test_sasl_mechanism.c.o
[ 86%] Linking C executable test_status_enum
[ 89%] Linking C executable test_sasl_mechanism
[ 89%] Built target rabbitmq
[ 92%] Linking C executable test_parse_url
[ 94%] Linking C executable test_merge_capabilities
[ 97%] Linking C executable test_basic
[100%] Linking C executable test_tables
[100%] Built target test_sasl_mechanism
[100%] Built target test_status_enum
[100%] Built target test_parse_url
[100%] Built target test_merge_capabilities
[100%] Built target test_basic
[100%] Built target test_tables

rabbitmq-c/0.14.0@magic/stable: Running CMake.install()
rabbitmq-c/0.14.0@magic/stable: RUN: cmake --install "/home/fowzis/.conan2/p/b/rabbic6680ef56b933/b" --prefix "/home/fowzis/.conan2/p/b/rabbic6680ef56b933/p"
-- Install configuration: "Release"
-- Installing: /home/fowzis/.conan2/p/b/rabbic6680ef56b933/p/lib/librabbitmq.so.0.15.0
-- Installing: /home/fowzis/.conan2/p/b/rabbic6680ef56b933/p/lib/librabbitmq.so.4
-- Set runtime path of "/home/fowzis/.conan2/p/b/rabbic6680ef56b933/p/lib/librabbitmq.so.0.15.0" to "$ORIGIN"
-- Installing: /home/fowzis/.conan2/p/b/rabbic6680ef56b933/p/lib/librabbitmq.so
-- Installing: /home/fowzis/.conan2/p/b/rabbic6680ef56b933/p/lib/librabbitmq.a
-- Installing: /home/fowzis/.conan2/p/b/rabbic6680ef56b933/p/include/amqp.h
-- Installing: /home/fowzis/.conan2/p/b/rabbic6680ef56b933/p/include/amqp_framing.h
-- Installing: /home/fowzis/.conan2/p/b/rabbic6680ef56b933/p/include/amqp_tcp_socket.h
-- Installing: /home/fowzis/.conan2/p/b/rabbic6680ef56b933/p/include/amqp_ssl_socket.h
-- Installing: /home/fowzis/.conan2/p/b/rabbic6680ef56b933/p/include/rabbitmq-c/amqp.h
-- Installing: /home/fowzis/.conan2/p/b/rabbic6680ef56b933/p/include/rabbitmq-c/framing.h
-- Installing: /home/fowzis/.conan2/p/b/rabbic6680ef56b933/p/include/rabbitmq-c/tcp_socket.h
-- Installing: /home/fowzis/.conan2/p/b/rabbic6680ef56b933/p/include/rabbitmq-c/ssl_socket.h
-- Installing: /home/fowzis/.conan2/p/b/rabbic6680ef56b933/p/include/rabbitmq-c/export.h
-- Installing: /home/fowzis/.conan2/p/b/rabbic6680ef56b933/p/lib/cmake/rabbitmq-c/rabbitmq-c-config.cmake
-- Installing: /home/fowzis/.conan2/p/b/rabbic6680ef56b933/p/lib/cmake/rabbitmq-c/rabbitmq-c-config-version.cmake
-- Installing: /home/fowzis/.conan2/p/b/rabbic6680ef56b933/p/lib/cmake/rabbitmq-c/rabbitmq-targets.cmake
-- Installing: /home/fowzis/.conan2/p/b/rabbic6680ef56b933/p/lib/cmake/rabbitmq-c/rabbitmq-targets-release.cmake
-- Installing: /home/fowzis/.conan2/p/b/rabbic6680ef56b933/p/lib/pkgconfig/librabbitmq.pc

rabbitmq-c/0.14.0@magic/stable: Running CMake.configure()
rabbitmq-c/0.14.0@magic/stable: RUN: cmake -G "Unix Makefiles" -DCMAKE_TOOLCHAIN_FILE="conan_toolchain.cmake" -DCMAKE_INSTALL_PREFIX="/home/fowzis/.conan2/p/b/rabbic6680ef56b933/p" -DCMAKE_POLICY_DEFAULT_CMP0091="NEW" -DCMAKE_BUILD_TYPE="Release" -DBUILD_SHARED_LIBS="OFF" "/home/fowzis/.conan2/p/b/rabbic6680ef56b933/b"
-- Using Conan toolchain: /home/fowzis/.conan2/p/b/rabbic6680ef56b933/b/conan_toolchain.cmake
-- Conan toolchain: Setting CMAKE_POSITION_INDEPENDENT_CODE=ON (options.fPIC)
-- Conan toolchain: Defining architecture flag: -m64
-- Conan toolchain: C++ Standard 17 with extensions ON
-- Conan toolchain: Setting BUILD_SHARED_LIBS = OFF
-- Building rabbitmq as a shared library - no
-- Building rabbitmq as a static library - yes
-- Configuring done
-- Generating done
CMake Warning:
  Manually-specified variables were not used by the project:

    CMAKE_TOOLCHAIN_FILE


-- Build files have been written to: /home/fowzis/.conan2/p/b/rabbic6680ef56b933/b

rabbitmq-c/0.14.0@magic/stable: Running CMake.build()
rabbitmq-c/0.14.0@magic/stable: RUN: cmake --build "/home/fowzis/.conan2/p/b/rabbic6680ef56b933/b" -- -j16
Consolidate compiler generated dependencies of target rabbitmq-static
[  8%] Building C object librabbitmq/CMakeFiles/rabbitmq-static.dir/amqp_consumer.c.o
[  8%] Building C object librabbitmq/CMakeFiles/rabbitmq-static.dir/amqp_api.c.o
[ 12%] Building C object librabbitmq/CMakeFiles/rabbitmq-static.dir/amqp_openssl_bio.c.o
[ 20%] Building C object librabbitmq/CMakeFiles/rabbitmq-static.dir/amqp_framing.c.o
[ 24%] Building C object librabbitmq/CMakeFiles/rabbitmq-static.dir/amqp_mem.c.o
[ 24%] Building C object librabbitmq/CMakeFiles/rabbitmq-static.dir/amqp_connection.c.o
[ 28%] Building C object librabbitmq/CMakeFiles/rabbitmq-static.dir/amqp_openssl.c.o
[ 32%] Building C object librabbitmq/CMakeFiles/rabbitmq-static.dir/amqp_socket.c.o
[ 36%] Building C object librabbitmq/CMakeFiles/rabbitmq-static.dir/amqp_time.c.o
[ 40%] Building C object librabbitmq/CMakeFiles/rabbitmq-static.dir/amqp_table.c.o
[ 44%] Building C object librabbitmq/CMakeFiles/rabbitmq-static.dir/amqp_tcp_socket.c.o
[ 48%] Building C object librabbitmq/CMakeFiles/rabbitmq-static.dir/amqp_url.c.o
[ 52%] Linking C static library librabbitmq.a
[ 52%] Built target rabbitmq-static
Consolidate compiler generated dependencies of target test_status_enum
Consolidate compiler generated dependencies of target test_parse_url
Consolidate compiler generated dependencies of target test_tables
Consolidate compiler generated dependencies of target test_sasl_mechanism
Consolidate compiler generated dependencies of target test_merge_capabilities
Consolidate compiler generated dependencies of target test_basic
[ 64%] Building C object tests/CMakeFiles/test_tables.dir/test_tables.c.o
[ 64%] Building C object tests/CMakeFiles/test_status_enum.dir/test_status_enum.c.o
[ 64%] Building C object tests/CMakeFiles/test_basic.dir/test_basic.c.o
[ 68%] Building C object tests/CMakeFiles/test_sasl_mechanism.dir/test_sasl_mechanism.c.o
[ 72%] Building C object tests/CMakeFiles/test_merge_capabilities.dir/test_merge_capabilities.c.o
[ 76%] Building C object tests/CMakeFiles/test_parse_url.dir/test_parse_url.c.o
[ 80%] Linking C executable test_sasl_mechanism
[ 84%] Linking C executable test_status_enum
[ 88%] Linking C executable test_parse_url
[ 92%] Linking C executable test_basic
[ 96%] Linking C executable test_merge_capabilities
[100%] Linking C executable test_tables
[100%] Built target test_status_enum
[100%] Built target test_sasl_mechanism
[100%] Built target test_basic
[100%] Built target test_parse_url
[100%] Built target test_merge_capabilities
[100%] Built target test_tables

rabbitmq-c/0.14.0@magic/stable: Running CMake.install()
rabbitmq-c/0.14.0@magic/stable: RUN: cmake --install "/home/fowzis/.conan2/p/b/rabbic6680ef56b933/b" --prefix "/home/fowzis/.conan2/p/b/rabbic6680ef56b933/p"
-- Install configuration: "Release"
-- Installing: /home/fowzis/.conan2/p/b/rabbic6680ef56b933/p/lib/librabbitmq.a
-- Up-to-date: /home/fowzis/.conan2/p/b/rabbic6680ef56b933/p/include/amqp.h
-- Up-to-date: /home/fowzis/.conan2/p/b/rabbic6680ef56b933/p/include/amqp_framing.h
-- Up-to-date: /home/fowzis/.conan2/p/b/rabbic6680ef56b933/p/include/amqp_tcp_socket.h
-- Up-to-date: /home/fowzis/.conan2/p/b/rabbic6680ef56b933/p/include/amqp_ssl_socket.h
-- Up-to-date: /home/fowzis/.conan2/p/b/rabbic6680ef56b933/p/include/rabbitmq-c/amqp.h
-- Up-to-date: /home/fowzis/.conan2/p/b/rabbic6680ef56b933/p/include/rabbitmq-c/framing.h
-- Up-to-date: /home/fowzis/.conan2/p/b/rabbic6680ef56b933/p/include/rabbitmq-c/tcp_socket.h
-- Up-to-date: /home/fowzis/.conan2/p/b/rabbic6680ef56b933/p/include/rabbitmq-c/ssl_socket.h
-- Installing: /home/fowzis/.conan2/p/b/rabbic6680ef56b933/p/include/rabbitmq-c/export.h
-- Up-to-date: /home/fowzis/.conan2/p/b/rabbic6680ef56b933/p/lib/cmake/rabbitmq-c/rabbitmq-c-config.cmake
-- Up-to-date: /home/fowzis/.conan2/p/b/rabbic6680ef56b933/p/lib/cmake/rabbitmq-c/rabbitmq-c-config-version.cmake
-- Old export file "/home/fowzis/.conan2/p/b/rabbic6680ef56b933/p/lib/cmake/rabbitmq-c/rabbitmq-targets.cmake" will be replaced.  Removing files [/home/fowzis/.conan2/p/b/rabbic6680ef56b933/p/lib/cmake/rabbitmq-c/rabbitmq-targets-release.cmake].
-- Installing: /home/fowzis/.conan2/p/b/rabbic6680ef56b933/p/lib/cmake/rabbitmq-c/rabbitmq-targets.cmake
-- Installing: /home/fowzis/.conan2/p/b/rabbic6680ef56b933/p/lib/cmake/rabbitmq-c/rabbitmq-targets-release.cmake
-- Up-to-date: /home/fowzis/.conan2/p/b/rabbic6680ef56b933/p/lib/pkgconfig/librabbitmq.pc

rabbitmq-c/0.14.0@magic/stable: Package '8631cf963dbbb4d7a378a64a6fd1dc57558bc2fe' built
rabbitmq-c/0.14.0@magic/stable: Build folder /home/fowzis/.conan2/p/b/rabbic6680ef56b933/b
rabbitmq-c/0.14.0@magic/stable: Generating the package
rabbitmq-c/0.14.0@magic/stable: Packaging in folder /home/fowzis/.conan2/p/b/rabbic6680ef56b933/p
rabbitmq-c/0.14.0@magic/stable: Calling package()
build_folder = /home/fowzis/.conan2/p/b/rabbic6680ef56b933/b
rabbitmq-c/0.14.0@magic/stable: package(): Packaged 9 '.h' files
rabbitmq-c/0.14.0@magic/stable: package(): Packaged 1 '.0' file: librabbitmq.so.0.15.0
rabbitmq-c/0.14.0@magic/stable: package(): Packaged 1 '.4' file: librabbitmq.so.4
rabbitmq-c/0.14.0@magic/stable: package(): Packaged 1 '.a' file: librabbitmq.a
rabbitmq-c/0.14.0@magic/stable: package(): Packaged 1 '.so' file: librabbitmq.so
rabbitmq-c/0.14.0@magic/stable: package(): Packaged 1 '.pc' file: librabbitmq.pc
rabbitmq-c/0.14.0@magic/stable: package(): Packaged 4 '.cmake' files: rabbitmq-targets-release.cmake, rabbitmq-c-config.cmake, rabbitmq-targets.cmake, rabbitmq-c-config-version.cmake
rabbitmq-c/0.14.0@magic/stable: Created package revision 2fa738df6854c75ace9f98ae60bddf8a
rabbitmq-c/0.14.0@magic/stable: Package '8631cf963dbbb4d7a378a64a6fd1dc57558bc2fe' created
rabbitmq-c/0.14.0@magic/stable: Full package reference: rabbitmq-c/0.14.0@magic/stable#28816a30c00c8e15f01c6c8aa225a16a:8631cf963dbbb4d7a378a64a6fd1dc57558bc2fe#2fa738df6854c75ace9f98ae60bddf8a
rabbitmq-c/0.14.0@magic/stable: Package folder /home/fowzis/.conan2/p/b/rabbic6680ef56b933/p
